<?xml version="1.0" encoding="UTF-8"?>
<!-- Generated by org.testng.reporters.JUnitXMLReporter -->
<testsuite hostname="Lenovo-PC" ignored="0" name="Default test" tests="3" failures="0" timestamp="18 Apr 2020 11:54:38 GMT" time="0.171" errors="0">
  <testcase name="TestRetry" time="0.04" classname="TestRetry.MyTest">
    <skipped/>
  </testcase> <!-- TestRetry -->
  <testcase name="TestRetry" time="0.007" classname="TestRetry.MyTest">
    <skipped/>
  </testcase> <!-- TestRetry -->
  <testcase name="TestRetry" time="0.005" classname="TestRetry.MyTest"/>
</testsuite> <!-- Default test -->
